<?xml version="1.0" encoding="UTF-8"?>
<!-- Generated by org.testng.reporters.JUnitReportReporter -->
<testsuite hostname="DESKTOP-I0SN7QT" failures="0" tests="1" name="test.PushpaIMDBtest" time="51.463" errors="0" timestamp="2022-08-22T22:08:50 IST" skipped="0">
  <testcase classname="test.PushpaIMDBtest" name="getTextDateCountry" time="51.463"/>
  <system-out/>
</testsuite> <!-- test.PushpaIMDBtest -->
