<?xml version="1.0" encoding="UTF-8"?>
<!-- Generated by org.testng.reporters.JUnitReportReporter -->
<testsuite hostname="DESKTOP-I0SN7QT" failures="0" tests="1" name="test.PushpaWIKItest" time="10.986" errors="0" timestamp="2022-08-24T21:01:45 IST" skipped="0">
  <testcase classname="test.PushpaWIKItest" name="getTextDateCountryWIKI" time="10.986"/>
  <system-out/>
</testsuite> <!-- test.PushpaWIKItest -->
